2019-01-24 15:42:50.657  INFO 10444 --- [restartedMain] com.cmahrmobile.hr.HrApplication         : Starting HrApplication on EDIANZU-M2CDG0J with PID 10444 (D:\idea_workspace\workspace02\springboot-demo\target\classes started by Administrator in D:\idea_workspace\workspace02\springboot-demo)
2019-01-24 15:42:50.659  INFO 10444 --- [restartedMain] com.cmahrmobile.hr.HrApplication         : No active profile set, falling back to default profiles: default
2019-01-24 15:42:50.805  INFO 10444 --- [restartedMain] ationConfigEmbeddedWebApplicationContext : Refreshing org.springframework.boot.context.embedded.AnnotationConfigEmbeddedWebApplicationContext@24328a9a: startup date [Thu Jan 24 15:42:50 CST 2019]; root of context hierarchy
2019-01-24 15:42:50.929  INFO 10444 --- [background-preinit] o.h.validator.internal.util.Version      : HV000001: Hibernate Validator 5.3.6.Final
2019-01-24 15:42:52.635  INFO 10444 --- [restartedMain] o.s.b.f.s.DefaultListableBeanFactory     : Overriding bean definition for bean 'loginFilter' with a different definition: replacing [Generic bean: class [com.cmahrmobile.hr.filter.LoginFilter]; scope=singleton; abstract=false; lazyInit=false; autowireMode=0; dependencyCheck=0; autowireCandidate=true; primary=false; factoryBeanName=null; factoryMethodName=null; initMethodName=null; destroyMethodName=null; defined in file [D:\idea_workspace\workspace02\springboot-demo\target\classes\com\cmahrmobile\hr\filter\LoginFilter.class]] with [Root bean: class [org.springframework.boot.web.servlet.FilterRegistrationBean]; scope=; abstract=false; lazyInit=false; autowireMode=0; dependencyCheck=0; autowireCandidate=true; primary=false; factoryBeanName=null; factoryMethodName=null; initMethodName=null; destroyMethodName=null]
2019-01-24 15:42:52.860  INFO 10444 --- [restartedMain] trationDelegate$BeanPostProcessorChecker : Bean 'org.springframework.transaction.annotation.ProxyTransactionManagementConfiguration' of type [org.springframework.transaction.annotation.ProxyTransactionManagementConfiguration$$EnhancerBySpringCGLIB$$d6edf96] is not eligible for getting processed by all BeanPostProcessors (for example: not eligible for auto-proxying)
2019-01-24 15:42:52.928  INFO 10444 --- [restartedMain] trationDelegate$BeanPostProcessorChecker : Bean 'pl.allegro.tech.boot.autoconfigure.handlebars.HandlebarsHelpersAutoConfiguration' of type [pl.allegro.tech.boot.autoconfigure.handlebars.HandlebarsHelpersAutoConfiguration$$EnhancerBySpringCGLIB$$8c37ff70] is not eligible for getting processed by all BeanPostProcessors (for example: not eligible for auto-proxying)
2019-01-24 15:42:53.101  INFO 10444 --- [restartedMain] trationDelegate$BeanPostProcessorChecker : Bean 'handlebars.resolver-pl.allegro.tech.boot.autoconfigure.handlebars.HandlebarsValueResolversProperties' of type [pl.allegro.tech.boot.autoconfigure.handlebars.HandlebarsValueResolversProperties] is not eligible for getting processed by all BeanPostProcessors (for example: not eligible for auto-proxying)
2019-01-24 15:42:53.130  INFO 10444 --- [restartedMain] trationDelegate$BeanPostProcessorChecker : Bean 'handlebars-pl.allegro.tech.boot.autoconfigure.handlebars.HandlebarsProperties' of type [pl.allegro.tech.boot.autoconfigure.handlebars.HandlebarsProperties] is not eligible for getting processed by all BeanPostProcessors (for example: not eligible for auto-proxying)
2019-01-24 15:42:53.132  INFO 10444 --- [restartedMain] trationDelegate$BeanPostProcessorChecker : Bean 'pl.allegro.tech.boot.autoconfigure.handlebars.HandlebarsAutoConfiguration$HandlebarsViewResolverConfiguration' of type [pl.allegro.tech.boot.autoconfigure.handlebars.HandlebarsAutoConfiguration$HandlebarsViewResolverConfiguration$$EnhancerBySpringCGLIB$$9f1f2a0e] is not eligible for getting processed by all BeanPostProcessors (for example: not eligible for auto-proxying)
2019-01-24 15:42:53.221  INFO 10444 --- [restartedMain] trationDelegate$BeanPostProcessorChecker : Bean 'handlebarsViewResolver' of type [com.github.jknack.handlebars.springmvc.HandlebarsViewResolver] is not eligible for getting processed by all BeanPostProcessors (for example: not eligible for auto-proxying)
2019-01-24 15:42:53.739  INFO 10444 --- [restartedMain] s.b.c.e.t.TomcatEmbeddedServletContainer : Tomcat initialized with port(s): 8089 (http)
2019-01-24 15:42:53.759  INFO 10444 --- [restartedMain] o.a.coyote.http11.Http11NioProtocol      : Initializing ProtocolHandler ["http-nio-8089"]
2019-01-24 15:42:53.774  INFO 10444 --- [restartedMain] o.apache.catalina.core.StandardService   : Starting service [Tomcat]
2019-01-24 15:42:53.774  INFO 10444 --- [restartedMain] org.apache.catalina.core.StandardEngine  : Starting Servlet Engine: Apache Tomcat/8.5.34
2019-01-24 15:42:53.904  INFO 10444 --- [localhost-startStop-1] o.a.c.c.C.[Tomcat].[localhost].[/]       : Initializing Spring embedded WebApplicationContext
2019-01-24 15:42:53.905  INFO 10444 --- [localhost-startStop-1] o.s.web.context.ContextLoader            : Root WebApplicationContext: initialization completed in 3100 ms
2019-01-24 15:42:54.220  INFO 10444 --- [localhost-startStop-1] o.s.b.w.servlet.FilterRegistrationBean   : Mapping filter: 'characterEncodingFilter' to: [/*]
2019-01-24 15:42:54.220  INFO 10444 --- [localhost-startStop-1] o.s.b.w.servlet.FilterRegistrationBean   : Mapping filter: 'hiddenHttpMethodFilter' to: [/*]
2019-01-24 15:42:54.221  INFO 10444 --- [localhost-startStop-1] o.s.b.w.servlet.FilterRegistrationBean   : Mapping filter: 'httpPutFormContentFilter' to: [/*]
2019-01-24 15:42:54.221  INFO 10444 --- [localhost-startStop-1] o.s.b.w.servlet.FilterRegistrationBean   : Mapping filter: 'requestContextFilter' to: [/*]
2019-01-24 15:42:54.221  INFO 10444 --- [localhost-startStop-1] o.s.b.w.servlet.FilterRegistrationBean   : Mapping filter: 'loginFilter' to urls: [/]
2019-01-24 15:42:54.221  INFO 10444 --- [localhost-startStop-1] o.s.b.w.servlet.FilterRegistrationBean   : Mapping filter: 'webStatFilter' to urls: [/*]
2019-01-24 15:42:54.221  INFO 10444 --- [localhost-startStop-1] o.s.b.w.servlet.FilterRegistrationBean   : Filter webStatFilter was not registered (possibly already registered?)
2019-01-24 15:42:54.221  INFO 10444 --- [localhost-startStop-1] o.s.b.w.servlet.ServletRegistrationBean  : Mapping servlet: 'statViewServlet' to [/druid/*]
2019-01-24 15:42:54.223  INFO 10444 --- [localhost-startStop-1] o.s.b.w.servlet.ServletRegistrationBean  : Mapping servlet: 'dispatcherServlet' to [/]
2019-01-24 15:42:54.224  INFO 10444 --- [localhost-startStop-1] o.s.b.w.servlet.ServletRegistrationBean  : Mapping servlet: 'statViewServlet' to [/druid/*]
2019-01-24 15:42:54.224  INFO 10444 --- [localhost-startStop-1] o.s.b.w.servlet.ServletRegistrationBean  : Servlet statViewServlet was not registered (possibly already registered?)
2019-01-24 15:42:54.862  INFO 10444 --- [restartedMain] com.alibaba.druid.pool.DruidDataSource   : {dataSource-1} inited
2019-01-24 15:42:54.949  INFO 10444 --- [restartedMain] j.LocalContainerEntityManagerFactoryBean : Building JPA container EntityManagerFactory for persistence unit 'default'
2019-01-24 15:42:54.972  INFO 10444 --- [restartedMain] o.hibernate.jpa.internal.util.LogHelper  : HHH000204: Processing PersistenceUnitInfo [
	name: default
	...]
2019-01-24 15:42:55.175  INFO 10444 --- [restartedMain] org.hibernate.Version                    : HHH000412: Hibernate Core {5.0.12.Final}
2019-01-24 15:42:55.178  INFO 10444 --- [restartedMain] org.hibernate.cfg.Environment            : HHH000206: hibernate.properties not found
2019-01-24 15:42:55.180  INFO 10444 --- [restartedMain] org.hibernate.cfg.Environment            : HHH000021: Bytecode provider name : javassist
2019-01-24 15:42:55.245  INFO 10444 --- [restartedMain] o.hibernate.annotations.common.Version   : HCANN000001: Hibernate Commons Annotations {5.0.1.Final}
2019-01-24 15:42:56.030  INFO 10444 --- [restartedMain] org.hibernate.dialect.Dialect            : HHH000400: Using dialect: org.hibernate.dialect.MySQL5Dialect
2019-01-24 15:42:57.183  INFO 10444 --- [restartedMain] j.LocalContainerEntityManagerFactoryBean : Initialized JPA EntityManagerFactory for persistence unit 'default'
2019-01-24 15:42:58.279  INFO 10444 --- [restartedMain] s.w.s.m.m.a.RequestMappingHandlerAdapter : Looking for @ControllerAdvice: org.springframework.boot.context.embedded.AnnotationConfigEmbeddedWebApplicationContext@24328a9a: startup date [Thu Jan 24 15:42:50 CST 2019]; root of context hierarchy
2019-01-24 15:42:58.413  INFO 10444 --- [restartedMain] s.w.s.m.m.a.RequestMappingHandlerMapping : Mapped "{[/roster/load-person-data.action],methods=[GET]}" onto public java.util.Map<java.lang.String, java.lang.Object> com.cmahrmobile.hr.controller.RosterController.loadPersonData(java.lang.String)
2019-01-24 15:42:58.415  INFO 10444 --- [restartedMain] s.w.s.m.m.a.RequestMappingHandlerMapping : Mapped "{[/roster/load-person-roster-data.action],methods=[GET]}" onto public java.lang.String com.cmahrmobile.hr.controller.RosterController.loadPersonRosterData(java.lang.String,java.lang.String,java.lang.String)
2019-01-24 15:42:58.415  INFO 10444 --- [restartedMain] s.w.s.m.m.a.RequestMappingHandlerMapping : Mapped "{[/roster/load-person-data-with-person-name.action],methods=[GET]}" onto public java.lang.String com.cmahrmobile.hr.controller.RosterController.loadPersonDataWithPersonName(java.lang.String,java.lang.String,java.lang.String,java.lang.String)
2019-01-24 15:42:58.420  INFO 10444 --- [restartedMain] s.w.s.m.m.a.RequestMappingHandlerMapping : Mapped "{[/statistic/load-person-sex.action],methods=[GET]}" onto public java.util.Map<java.lang.String, java.lang.Object> com.cmahrmobile.hr.controller.StatisticController.showSexPie(java.lang.String,java.lang.String)
2019-01-24 15:42:58.421  INFO 10444 --- [restartedMain] s.w.s.m.m.a.RequestMappingHandlerMapping : Mapped "{[/statistic/load-person-nation.action],methods=[GET]}" onto public java.util.Map<java.lang.String, java.lang.Object> com.cmahrmobile.hr.controller.StatisticController.showNationPie(java.lang.String,java.lang.String)
2019-01-24 15:42:58.422  INFO 10444 --- [restartedMain] s.w.s.m.m.a.RequestMappingHandlerMapping : Mapped "{[/statistic/load-person-age.action],methods=[GET]}" onto public java.util.Map<java.lang.String, java.lang.Object> com.cmahrmobile.hr.controller.StatisticController.showAgePie(java.lang.String,java.lang.String)
2019-01-24 15:42:58.422  INFO 10444 --- [restartedMain] s.w.s.m.m.a.RequestMappingHandlerMapping : Mapped "{[/statistic/load-person-edu.action],methods=[GET]}" onto public java.util.Map<java.lang.String, java.lang.Object> com.cmahrmobile.hr.controller.StatisticController.showEduPie(java.lang.String,java.lang.String)
2019-01-24 15:42:58.423  INFO 10444 --- [restartedMain] s.w.s.m.m.a.RequestMappingHandlerMapping : Mapped "{[/statistic/load-person-degree.action],methods=[GET]}" onto public java.util.Map<java.lang.String, java.lang.Object> com.cmahrmobile.hr.controller.StatisticController.showDegreePie(java.lang.String,java.lang.String)
2019-01-24 15:42:58.423  INFO 10444 --- [restartedMain] s.w.s.m.m.a.RequestMappingHandlerMapping : Mapped "{[/statistic/load-person-major.action],methods=[GET]}" onto public java.util.Map<java.lang.String, java.lang.Object> com.cmahrmobile.hr.controller.StatisticController.showMajorPie(java.lang.String,java.lang.String)
2019-01-24 15:42:58.424  INFO 10444 --- [restartedMain] s.w.s.m.m.a.RequestMappingHandlerMapping : Mapped "{[/statistic/load-person-tech.action],methods=[GET]}" onto public java.util.Map<java.lang.String, java.lang.Object> com.cmahrmobile.hr.controller.StatisticController.showTechPie(java.lang.String,java.lang.String)
2019-01-24 15:42:58.425  INFO 10444 --- [restartedMain] s.w.s.m.m.a.RequestMappingHandlerMapping : Mapped "{[/statistic/tree-org-dept.action],methods=[GET]}" onto public java.util.Map<java.lang.String, java.lang.Object> com.cmahrmobile.hr.controller.StatisticController.treeOrgDept()
2019-01-24 15:42:58.425  INFO 10444 --- [restartedMain] s.w.s.m.m.a.RequestMappingHandlerMapping : Mapped "{[/statistic/index-person-data.action],methods=[GET]}" onto public java.util.Map<java.lang.String, java.lang.Object> com.cmahrmobile.hr.controller.StatisticController.indexPersonData(java.lang.String)
2019-01-24 15:42:58.426  INFO 10444 --- [restartedMain] s.w.s.m.m.a.RequestMappingHandlerMapping : Mapped "{[/statistic/list-person-by-statistic.action],methods=[GET]}" onto public java.util.Map<java.lang.String, java.lang.Object> com.cmahrmobile.hr.controller.StatisticController.ListPersonByStatisticData(java.lang.String,java.lang.String,java.lang.String,java.lang.String,java.lang.String)
2019-01-24 15:42:58.431  INFO 10444 --- [restartedMain] s.w.s.m.m.a.RequestMappingHandlerMapping : Mapped "{[/error]}" onto public org.springframework.http.ResponseEntity<java.util.Map<java.lang.String, java.lang.Object>> org.springframework.boot.autoconfigure.web.BasicErrorController.error(javax.servlet.http.HttpServletRequest)
2019-01-24 15:42:58.431  INFO 10444 --- [restartedMain] s.w.s.m.m.a.RequestMappingHandlerMapping : Mapped "{[/error],produces=[text/html]}" onto public org.springframework.web.servlet.ModelAndView org.springframework.boot.autoconfigure.web.BasicErrorController.errorHtml(javax.servlet.http.HttpServletRequest,javax.servlet.http.HttpServletResponse)
2019-01-24 15:42:58.497  INFO 10444 --- [restartedMain] o.s.w.s.handler.SimpleUrlHandlerMapping  : Mapped URL path [/webjars/**] onto handler of type [class org.springframework.web.servlet.resource.ResourceHttpRequestHandler]
2019-01-24 15:42:58.497  INFO 10444 --- [restartedMain] o.s.w.s.handler.SimpleUrlHandlerMapping  : Mapped URL path [/**] onto handler of type [class org.springframework.web.servlet.resource.ResourceHttpRequestHandler]
2019-01-24 15:42:58.586  INFO 10444 --- [restartedMain] o.s.w.s.handler.SimpleUrlHandlerMapping  : Mapped URL path [/**/favicon.ico] onto handler of type [class org.springframework.web.servlet.resource.ResourceHttpRequestHandler]
2019-01-24 15:42:58.619  INFO 10444 --- [restartedMain] oConfiguration$WelcomePageHandlerMapping : Adding welcome page: class path resource [static/index.html]
2019-01-24 15:43:01.015  INFO 10444 --- [restartedMain] o.s.b.d.a.OptionalLiveReloadServer       : LiveReload server is running on port 35729
2019-01-24 15:43:01.389  INFO 10444 --- [restartedMain] o.s.j.e.a.AnnotationMBeanExporter        : Registering beans for JMX exposure on startup
2019-01-24 15:43:01.391  INFO 10444 --- [restartedMain] o.s.j.e.a.AnnotationMBeanExporter        : Bean with name 'dataSource' has been autodetected for JMX exposure
2019-01-24 15:43:01.392  INFO 10444 --- [restartedMain] o.s.j.e.a.AnnotationMBeanExporter        : Bean with name 'statFilter' has been autodetected for JMX exposure
2019-01-24 15:43:01.399  INFO 10444 --- [restartedMain] o.s.j.e.a.AnnotationMBeanExporter        : Located MBean 'dataSource': registering with JMX server as MBean [com.alibaba.druid.pool:name=dataSource,type=DruidDataSource]
2019-01-24 15:43:01.401  INFO 10444 --- [restartedMain] o.s.j.e.a.AnnotationMBeanExporter        : Located MBean 'statFilter': registering with JMX server as MBean [com.alibaba.druid.filter.stat:name=statFilter,type=StatFilter]
2019-01-24 15:43:01.598  INFO 10444 --- [restartedMain] o.a.coyote.http11.Http11NioProtocol      : Starting ProtocolHandler ["http-nio-8089"]
2019-01-24 15:43:01.623  INFO 10444 --- [restartedMain] o.a.tomcat.util.net.NioSelectorPool      : Using a shared selector for servlet write/read
2019-01-24 15:43:01.653  INFO 10444 --- [restartedMain] s.b.c.e.t.TomcatEmbeddedServletContainer : Tomcat started on port(s): 8089 (http)
2019-01-24 15:43:01.663  INFO 10444 --- [restartedMain] com.cmahrmobile.hr.HrApplication         : Started HrApplication in 11.786 seconds (JVM running for 14.567)
2019-01-24 16:50:07.378  INFO 11000 --- [restartedMain] com.cmahrmobile.hr.HrApplication         : Starting HrApplication on EDIANZU-M2CDG0J with PID 11000 (D:\idea_workspace\workspace02\springboot-demo\target\classes started by Administrator in D:\idea_workspace\workspace02\springboot-demo)
2019-01-24 16:50:07.380  INFO 11000 --- [restartedMain] com.cmahrmobile.hr.HrApplication         : No active profile set, falling back to default profiles: default
2019-01-24 16:50:07.536  INFO 11000 --- [restartedMain] ationConfigEmbeddedWebApplicationContext : Refreshing org.springframework.boot.context.embedded.AnnotationConfigEmbeddedWebApplicationContext@7e7b3323: startup date [Thu Jan 24 16:50:07 CST 2019]; root of context hierarchy
2019-01-24 16:50:07.790  INFO 11000 --- [background-preinit] o.h.validator.internal.util.Version      : HV000001: Hibernate Validator 5.3.6.Final
2019-01-24 16:50:09.583  INFO 11000 --- [restartedMain] o.s.b.f.s.DefaultListableBeanFactory     : Overriding bean definition for bean 'loginFilter' with a different definition: replacing [Generic bean: class [com.cmahrmobile.hr.filter.LoginFilter]; scope=singleton; abstract=false; lazyInit=false; autowireMode=0; dependencyCheck=0; autowireCandidate=true; primary=false; factoryBeanName=null; factoryMethodName=null; initMethodName=null; destroyMethodName=null; defined in file [D:\idea_workspace\workspace02\springboot-demo\target\classes\com\cmahrmobile\hr\filter\LoginFilter.class]] with [Root bean: class [org.springframework.boot.web.servlet.FilterRegistrationBean]; scope=; abstract=false; lazyInit=false; autowireMode=0; dependencyCheck=0; autowireCandidate=true; primary=false; factoryBeanName=null; factoryMethodName=null; initMethodName=null; destroyMethodName=null]
2019-01-24 16:50:09.782  INFO 11000 --- [restartedMain] trationDelegate$BeanPostProcessorChecker : Bean 'org.springframework.transaction.annotation.ProxyTransactionManagementConfiguration' of type [org.springframework.transaction.annotation.ProxyTransactionManagementConfiguration$$EnhancerBySpringCGLIB$$970e960e] is not eligible for getting processed by all BeanPostProcessors (for example: not eligible for auto-proxying)
2019-01-24 16:50:09.861  INFO 11000 --- [restartedMain] trationDelegate$BeanPostProcessorChecker : Bean 'pl.allegro.tech.boot.autoconfigure.handlebars.HandlebarsHelpersAutoConfiguration' of type [pl.allegro.tech.boot.autoconfigure.handlebars.HandlebarsHelpersAutoConfiguration$$EnhancerBySpringCGLIB$$15d7b5e8] is not eligible for getting processed by all BeanPostProcessors (for example: not eligible for auto-proxying)
2019-01-24 16:50:10.021  INFO 11000 --- [restartedMain] trationDelegate$BeanPostProcessorChecker : Bean 'handlebars.resolver-pl.allegro.tech.boot.autoconfigure.handlebars.HandlebarsValueResolversProperties' of type [pl.allegro.tech.boot.autoconfigure.handlebars.HandlebarsValueResolversProperties] is not eligible for getting processed by all BeanPostProcessors (for example: not eligible for auto-proxying)
2019-01-24 16:50:10.057  INFO 11000 --- [restartedMain] trationDelegate$BeanPostProcessorChecker : Bean 'handlebars-pl.allegro.tech.boot.autoconfigure.handlebars.HandlebarsProperties' of type [pl.allegro.tech.boot.autoconfigure.handlebars.HandlebarsProperties] is not eligible for getting processed by all BeanPostProcessors (for example: not eligible for auto-proxying)
2019-01-24 16:50:10.059  INFO 11000 --- [restartedMain] trationDelegate$BeanPostProcessorChecker : Bean 'pl.allegro.tech.boot.autoconfigure.handlebars.HandlebarsAutoConfiguration$HandlebarsViewResolverConfiguration' of type [pl.allegro.tech.boot.autoconfigure.handlebars.HandlebarsAutoConfiguration$HandlebarsViewResolverConfiguration$$EnhancerBySpringCGLIB$$28bee086] is not eligible for getting processed by all BeanPostProcessors (for example: not eligible for auto-proxying)
2019-01-24 16:50:10.146  INFO 11000 --- [restartedMain] trationDelegate$BeanPostProcessorChecker : Bean 'handlebarsViewResolver' of type [com.github.jknack.handlebars.springmvc.HandlebarsViewResolver] is not eligible for getting processed by all BeanPostProcessors (for example: not eligible for auto-proxying)
2019-01-24 16:50:10.604  INFO 11000 --- [restartedMain] s.b.c.e.t.TomcatEmbeddedServletContainer : Tomcat initialized with port(s): 8089 (http)
2019-01-24 16:50:10.623  INFO 11000 --- [restartedMain] o.a.coyote.http11.Http11NioProtocol      : Initializing ProtocolHandler ["http-nio-8089"]
2019-01-24 16:50:10.641  INFO 11000 --- [restartedMain] o.apache.catalina.core.StandardService   : Starting service [Tomcat]
2019-01-24 16:50:10.641  INFO 11000 --- [restartedMain] org.apache.catalina.core.StandardEngine  : Starting Servlet Engine: Apache Tomcat/8.5.34
2019-01-24 16:50:10.767  INFO 11000 --- [localhost-startStop-1] o.a.c.c.C.[Tomcat].[localhost].[/]       : Initializing Spring embedded WebApplicationContext
2019-01-24 16:50:10.767  INFO 11000 --- [localhost-startStop-1] o.s.web.context.ContextLoader            : Root WebApplicationContext: initialization completed in 3231 ms
2019-01-24 16:50:11.068  INFO 11000 --- [localhost-startStop-1] o.s.b.w.servlet.FilterRegistrationBean   : Mapping filter: 'characterEncodingFilter' to: [/*]
2019-01-24 16:50:11.068  INFO 11000 --- [localhost-startStop-1] o.s.b.w.servlet.FilterRegistrationBean   : Mapping filter: 'hiddenHttpMethodFilter' to: [/*]
2019-01-24 16:50:11.069  INFO 11000 --- [localhost-startStop-1] o.s.b.w.servlet.FilterRegistrationBean   : Mapping filter: 'httpPutFormContentFilter' to: [/*]
2019-01-24 16:50:11.069  INFO 11000 --- [localhost-startStop-1] o.s.b.w.servlet.FilterRegistrationBean   : Mapping filter: 'requestContextFilter' to: [/*]
2019-01-24 16:50:11.069  INFO 11000 --- [localhost-startStop-1] o.s.b.w.servlet.FilterRegistrationBean   : Mapping filter: 'loginFilter' to urls: [/]
2019-01-24 16:50:11.070  INFO 11000 --- [localhost-startStop-1] o.s.b.w.servlet.FilterRegistrationBean   : Mapping filter: 'webStatFilter' to urls: [/*]
2019-01-24 16:50:11.070  INFO 11000 --- [localhost-startStop-1] o.s.b.w.servlet.FilterRegistrationBean   : Filter webStatFilter was not registered (possibly already registered?)
2019-01-24 16:50:11.070  INFO 11000 --- [localhost-startStop-1] o.s.b.w.servlet.ServletRegistrationBean  : Mapping servlet: 'statViewServlet' to [/druid/*]
2019-01-24 16:50:11.072  INFO 11000 --- [localhost-startStop-1] o.s.b.w.servlet.ServletRegistrationBean  : Mapping servlet: 'dispatcherServlet' to [/]
2019-01-24 16:50:11.073  INFO 11000 --- [localhost-startStop-1] o.s.b.w.servlet.ServletRegistrationBean  : Mapping servlet: 'statViewServlet' to [/druid/*]
2019-01-24 16:50:11.073  INFO 11000 --- [localhost-startStop-1] o.s.b.w.servlet.ServletRegistrationBean  : Servlet statViewServlet was not registered (possibly already registered?)
2019-01-24 16:50:11.646  INFO 11000 --- [restartedMain] com.alibaba.druid.pool.DruidDataSource   : {dataSource-1} inited
2019-01-24 16:50:11.731  INFO 11000 --- [restartedMain] j.LocalContainerEntityManagerFactoryBean : Building JPA container EntityManagerFactory for persistence unit 'default'
2019-01-24 16:50:11.747  INFO 11000 --- [restartedMain] o.hibernate.jpa.internal.util.LogHelper  : HHH000204: Processing PersistenceUnitInfo [
	name: default
	...]
2019-01-24 16:50:11.941  INFO 11000 --- [restartedMain] org.hibernate.Version                    : HHH000412: Hibernate Core {5.0.12.Final}
2019-01-24 16:50:11.943  INFO 11000 --- [restartedMain] org.hibernate.cfg.Environment            : HHH000206: hibernate.properties not found
2019-01-24 16:50:11.944  INFO 11000 --- [restartedMain] org.hibernate.cfg.Environment            : HHH000021: Bytecode provider name : javassist
2019-01-24 16:50:12.002  INFO 11000 --- [restartedMain] o.hibernate.annotations.common.Version   : HCANN000001: Hibernate Commons Annotations {5.0.1.Final}
2019-01-24 16:50:12.388  INFO 11000 --- [restartedMain] org.hibernate.dialect.Dialect            : HHH000400: Using dialect: org.hibernate.dialect.MySQL5Dialect
2019-01-24 16:50:13.451  INFO 11000 --- [restartedMain] j.LocalContainerEntityManagerFactoryBean : Initialized JPA EntityManagerFactory for persistence unit 'default'
2019-01-24 16:50:14.309  INFO 11000 --- [restartedMain] s.w.s.m.m.a.RequestMappingHandlerAdapter : Looking for @ControllerAdvice: org.springframework.boot.context.embedded.AnnotationConfigEmbeddedWebApplicationContext@7e7b3323: startup date [Thu Jan 24 16:50:07 CST 2019]; root of context hierarchy
2019-01-24 16:50:14.418  INFO 11000 --- [restartedMain] s.w.s.m.m.a.RequestMappingHandlerMapping : Mapped "{[/roster/load-person-roster-data.action],methods=[GET]}" onto public java.lang.String com.cmahrmobile.hr.controller.RosterController.loadPersonRosterData(java.lang.String,java.lang.String,java.lang.String)
2019-01-24 16:50:14.419  INFO 11000 --- [restartedMain] s.w.s.m.m.a.RequestMappingHandlerMapping : Mapped "{[/roster/load-person-data-with-person-name.action],methods=[GET]}" onto public java.lang.String com.cmahrmobile.hr.controller.RosterController.loadPersonDataWithPersonName(java.lang.String,java.lang.String,java.lang.String,java.lang.String)
2019-01-24 16:50:14.420  INFO 11000 --- [restartedMain] s.w.s.m.m.a.RequestMappingHandlerMapping : Mapped "{[/roster/load-person-data.action],methods=[GET]}" onto public java.util.Map<java.lang.String, java.lang.Object> com.cmahrmobile.hr.controller.RosterController.loadPersonData(java.lang.String)
2019-01-24 16:50:14.424  INFO 11000 --- [restartedMain] s.w.s.m.m.a.RequestMappingHandlerMapping : Mapped "{[/statistic/list-person-by-statistic.action],methods=[GET]}" onto public java.util.Map<java.lang.String, java.lang.Object> com.cmahrmobile.hr.controller.StatisticController.ListPersonByStatisticData(java.lang.String,java.lang.String,java.lang.String,java.lang.String,java.lang.String)
2019-01-24 16:50:14.425  INFO 11000 --- [restartedMain] s.w.s.m.m.a.RequestMappingHandlerMapping : Mapped "{[/statistic/load-person-sex.action],methods=[GET]}" onto public java.util.Map<java.lang.String, java.lang.Object> com.cmahrmobile.hr.controller.StatisticController.showSexPie(java.lang.String,java.lang.String)
2019-01-24 16:50:14.425  INFO 11000 --- [restartedMain] s.w.s.m.m.a.RequestMappingHandlerMapping : Mapped "{[/statistic/load-person-nation.action],methods=[GET]}" onto public java.util.Map<java.lang.String, java.lang.Object> com.cmahrmobile.hr.controller.StatisticController.showNationPie(java.lang.String,java.lang.String)
2019-01-24 16:50:14.426  INFO 11000 --- [restartedMain] s.w.s.m.m.a.RequestMappingHandlerMapping : Mapped "{[/statistic/load-person-age.action],methods=[GET]}" onto public java.util.Map<java.lang.String, java.lang.Object> com.cmahrmobile.hr.controller.StatisticController.showAgePie(java.lang.String,java.lang.String)
2019-01-24 16:50:14.427  INFO 11000 --- [restartedMain] s.w.s.m.m.a.RequestMappingHandlerMapping : Mapped "{[/statistic/load-person-edu.action],methods=[GET]}" onto public java.util.Map<java.lang.String, java.lang.Object> com.cmahrmobile.hr.controller.StatisticController.showEduPie(java.lang.String,java.lang.String)
2019-01-24 16:50:14.427  INFO 11000 --- [restartedMain] s.w.s.m.m.a.RequestMappingHandlerMapping : Mapped "{[/statistic/load-person-degree.action],methods=[GET]}" onto public java.util.Map<java.lang.String, java.lang.Object> com.cmahrmobile.hr.controller.StatisticController.showDegreePie(java.lang.String,java.lang.String)
2019-01-24 16:50:14.428  INFO 11000 --- [restartedMain] s.w.s.m.m.a.RequestMappingHandlerMapping : Mapped "{[/statistic/load-person-major.action],methods=[GET]}" onto public java.util.Map<java.lang.String, java.lang.Object> com.cmahrmobile.hr.controller.StatisticController.showMajorPie(java.lang.String,java.lang.String)
2019-01-24 16:50:14.428  INFO 11000 --- [restartedMain] s.w.s.m.m.a.RequestMappingHandlerMapping : Mapped "{[/statistic/load-person-tech.action],methods=[GET]}" onto public java.util.Map<java.lang.String, java.lang.Object> com.cmahrmobile.hr.controller.StatisticController.showTechPie(java.lang.String,java.lang.String)
2019-01-24 16:50:14.429  INFO 11000 --- [restartedMain] s.w.s.m.m.a.RequestMappingHandlerMapping : Mapped "{[/statistic/tree-org-dept.action],methods=[GET]}" onto public java.util.Map<java.lang.String, java.lang.Object> com.cmahrmobile.hr.controller.StatisticController.treeOrgDept()
2019-01-24 16:50:14.429  INFO 11000 --- [restartedMain] s.w.s.m.m.a.RequestMappingHandlerMapping : Mapped "{[/statistic/index-person-data.action],methods=[GET]}" onto public java.util.Map<java.lang.String, java.lang.Object> com.cmahrmobile.hr.controller.StatisticController.indexPersonData(java.lang.String)
2019-01-24 16:50:14.432  INFO 11000 --- [restartedMain] s.w.s.m.m.a.RequestMappingHandlerMapping : Mapped "{[/error]}" onto public org.springframework.http.ResponseEntity<java.util.Map<java.lang.String, java.lang.Object>> org.springframework.boot.autoconfigure.web.BasicErrorController.error(javax.servlet.http.HttpServletRequest)
2019-01-24 16:50:14.433  INFO 11000 --- [restartedMain] s.w.s.m.m.a.RequestMappingHandlerMapping : Mapped "{[/error],produces=[text/html]}" onto public org.springframework.web.servlet.ModelAndView org.springframework.boot.autoconfigure.web.BasicErrorController.errorHtml(javax.servlet.http.HttpServletRequest,javax.servlet.http.HttpServletResponse)
2019-01-24 16:50:14.480  INFO 11000 --- [restartedMain] o.s.w.s.handler.SimpleUrlHandlerMapping  : Mapped URL path [/webjars/**] onto handler of type [class org.springframework.web.servlet.resource.ResourceHttpRequestHandler]
2019-01-24 16:50:14.481  INFO 11000 --- [restartedMain] o.s.w.s.handler.SimpleUrlHandlerMapping  : Mapped URL path [/**] onto handler of type [class org.springframework.web.servlet.resource.ResourceHttpRequestHandler]
2019-01-24 16:50:14.546  INFO 11000 --- [restartedMain] o.s.w.s.handler.SimpleUrlHandlerMapping  : Mapped URL path [/**/favicon.ico] onto handler of type [class org.springframework.web.servlet.resource.ResourceHttpRequestHandler]
2019-01-24 16:50:14.576  INFO 11000 --- [restartedMain] oConfiguration$WelcomePageHandlerMapping : Adding welcome page: class path resource [static/index.html]
2019-01-24 16:50:17.003  INFO 11000 --- [restartedMain] o.s.b.d.a.OptionalLiveReloadServer       : LiveReload server is running on port 35729
2019-01-24 16:50:17.381  INFO 11000 --- [restartedMain] o.s.j.e.a.AnnotationMBeanExporter        : Registering beans for JMX exposure on startup
2019-01-24 16:50:17.382  INFO 11000 --- [restartedMain] o.s.j.e.a.AnnotationMBeanExporter        : Bean with name 'dataSource' has been autodetected for JMX exposure
2019-01-24 16:50:17.384  INFO 11000 --- [restartedMain] o.s.j.e.a.AnnotationMBeanExporter        : Bean with name 'statFilter' has been autodetected for JMX exposure
2019-01-24 16:50:17.394  INFO 11000 --- [restartedMain] o.s.j.e.a.AnnotationMBeanExporter        : Located MBean 'dataSource': registering with JMX server as MBean [com.alibaba.druid.pool:name=dataSource,type=DruidDataSource]
2019-01-24 16:50:17.395  INFO 11000 --- [restartedMain] o.s.j.e.a.AnnotationMBeanExporter        : Located MBean 'statFilter': registering with JMX server as MBean [com.alibaba.druid.filter.stat:name=statFilter,type=StatFilter]
2019-01-24 16:50:17.576  INFO 11000 --- [restartedMain] o.a.coyote.http11.Http11NioProtocol      : Starting ProtocolHandler ["http-nio-8089"]
2019-01-24 16:50:17.615  INFO 11000 --- [restartedMain] o.a.tomcat.util.net.NioSelectorPool      : Using a shared selector for servlet write/read
2019-01-24 16:50:17.665  INFO 11000 --- [restartedMain] s.b.c.e.t.TomcatEmbeddedServletContainer : Tomcat started on port(s): 8089 (http)
2019-01-24 16:50:17.675  INFO 11000 --- [restartedMain] com.cmahrmobile.hr.HrApplication         : Started HrApplication in 11.139 seconds (JVM running for 12.935)
2019-01-24 16:50:49.817  INFO 11000 --- [http-nio-8089-exec-2] o.a.c.c.C.[Tomcat].[localhost].[/]       : Initializing Spring FrameworkServlet 'dispatcherServlet'
2019-01-24 16:50:49.817  INFO 11000 --- [http-nio-8089-exec-2] o.s.web.servlet.DispatcherServlet        : FrameworkServlet 'dispatcherServlet': initialization started
2019-01-24 16:50:49.868  INFO 11000 --- [http-nio-8089-exec-2] o.s.web.servlet.DispatcherServlet        : FrameworkServlet 'dispatcherServlet': initialization completed in 51 ms
